ISim log file
Running: E:\David\Teleco\Curso_2016-2017\DSED\Practica 3\PIC\PICtop_tb_isim_beh.exe -intstyle ise -gui -tclbatch isim.cmd -wdb E:/David/Teleco/Curso_2016-2017/DSED/Practica 3/PIC/PICtop_tb_isim_beh.wdb 
ISim P.20131013 (signature 0x7708f090)
WARNING: A WEBPACK license was found.
WARNING: Please use Xilinx License Configuration Manager to check out a full ISim license.
WARNING: ISim will run in Lite mode. Please refer to the ISim documentation for more information on the differences between the Lite and the Full version.
This is a Lite version of ISim.
Time resolution is 1 ps
# onerror resume
# wave add /
# run 1000 ns
Simulator is doing circuit initialization process.
at 0 ps, Instance /pictop_tb/UUT/RAM_Unit/ : Warning: There is an 'U'|'X'|'W'|'Z'|'-' in an arithmetic operand, the result will be 'X'(es).
Finished circuit initialization process.
ISim P.20131013 (signature 0x7708f090)
WARNING: A WEBPACK license was found.
WARNING: Please use Xilinx License Configuration Manager to check out a full ISim license.
WARNING: ISim will run in Lite mode. Please refer to the ISim documentation for more information on the differences between the Lite and the Full version.
This is a Lite version of ISim.
# run 1000 ns
Simulator is doing circuit initialization process.
at 0 ps, Instance /pictop_tb/UUT/RAM_Unit/ : Warning: There is an 'U'|'X'|'W'|'Z'|'-' in an arithmetic operand, the result will be 'X'(es).
Finished circuit initialization process.
# restart
# run 1000us
Simulator is doing circuit initialization process.
Finished circuit initialization process.
at 6100 ns(4), Instance /pictop_tb/UUT/RAM_Unit/ : Warning: CONV_INTEGER: There is an 'U'|'X'|'W'|'Z'|'-' in an arithmetic operand, and it has been converted to 0.
at 12400 ns(4), Instance /pictop_tb/UUT/RAM_Unit/ : Warning: CONV_INTEGER: There is an 'U'|'X'|'W'|'Z'|'-' in an arithmetic operand, and it has been converted to 0.
at 18700 ns(4), Instance /pictop_tb/UUT/RAM_Unit/ : Warning: CONV_INTEGER: There is an 'U'|'X'|'W'|'Z'|'-' in an arithmetic operand, and it has been converted to 0.
at 25 us(4), Instance /pictop_tb/UUT/RAM_Unit/ : Warning: CONV_INTEGER: There is an 'U'|'X'|'W'|'Z'|'-' in an arithmetic operand, and it has been converted to 0.
at 31300 ns(4), Instance /pictop_tb/UUT/RAM_Unit/ : Warning: CONV_INTEGER: There is an 'U'|'X'|'W'|'Z'|'-' in an arithmetic operand, and it has been converted to 0.
at 37600 ns(4), Instance /pictop_tb/UUT/RAM_Unit/ : Warning: CONV_INTEGER: There is an 'U'|'X'|'W'|'Z'|'-' in an arithmetic operand, and it has been converted to 0.
at 43900 ns(4), Instance /pictop_tb/UUT/RAM_Unit/ : Warning: CONV_INTEGER: There is an 'U'|'X'|'W'|'Z'|'-' in an arithmetic operand, and it has been converted to 0.
at 50200 ns(4), Instance /pictop_tb/UUT/RAM_Unit/ : Warning: CONV_INTEGER: There is an 'U'|'X'|'W'|'Z'|'-' in an arithmetic operand, and it has been converted to 0.
at 56500 ns(4), Instance /pictop_tb/UUT/RAM_Unit/ : Warning: CONV_INTEGER: There is an 'U'|'X'|'W'|'Z'|'-' in an arithmetic operand, and it has been converted to 0.
at 62800 ns(4), Instance /pictop_tb/UUT/RAM_Unit/ : Warning: CONV_INTEGER: There is an 'U'|'X'|'W'|'Z'|'-' in an arithmetic operand, and it has been converted to 0.
at 69100 ns(4), Instance /pictop_tb/UUT/RAM_Unit/ : Warning: CONV_INTEGER: There is an 'U'|'X'|'W'|'Z'|'-' in an arithmetic operand, and it has been converted to 0.
at 75400 ns(4), Instance /pictop_tb/UUT/RAM_Unit/ : Warning: CONV_INTEGER: There is an 'U'|'X'|'W'|'Z'|'-' in an arithmetic operand, and it has been converted to 0.
at 81700 ns(4), Instance /pictop_tb/UUT/RAM_Unit/ : Warning: CONV_INTEGER: There is an 'U'|'X'|'W'|'Z'|'-' in an arithmetic operand, and it has been converted to 0.
at 88 us(4), Instance /pictop_tb/UUT/RAM_Unit/ : Warning: CONV_INTEGER: There is an 'U'|'X'|'W'|'Z'|'-' in an arithmetic operand, and it has been converted to 0.
at 94300 ns(4), Instance /pictop_tb/UUT/RAM_Unit/ : Warning: CONV_INTEGER: There is an 'U'|'X'|'W'|'Z'|'-' in an arithmetic operand, and it has been converted to 0.
at 100600 ns(4), Instance /pictop_tb/UUT/RAM_Unit/ : Warning: CONV_INTEGER: There is an 'U'|'X'|'W'|'Z'|'-' in an arithmetic operand, and it has been converted to 0.
at 106900 ns(4), Instance /pictop_tb/UUT/RAM_Unit/ : Warning: CONV_INTEGER: There is an 'U'|'X'|'W'|'Z'|'-' in an arithmetic operand, and it has been converted to 0.
at 113200 ns(4), Instance /pictop_tb/UUT/RAM_Unit/ : Warning: CONV_INTEGER: There is an 'U'|'X'|'W'|'Z'|'-' in an arithmetic operand, and it has been converted to 0.
at 119500 ns(4), Instance /pictop_tb/UUT/RAM_Unit/ : Warning: CONV_INTEGER: There is an 'U'|'X'|'W'|'Z'|'-' in an arithmetic operand, and it has been converted to 0.
at 125800 ns(4), Instance /pictop_tb/UUT/RAM_Unit/ : Warning: CONV_INTEGER: There is an 'U'|'X'|'W'|'Z'|'-' in an arithmetic operand, and it has been converted to 0.
at 132100 ns(4), Instance /pictop_tb/UUT/RAM_Unit/ : Warning: CONV_INTEGER: There is an 'U'|'X'|'W'|'Z'|'-' in an arithmetic operand, and it has been converted to 0.
at 138400 ns(4), Instance /pictop_tb/UUT/RAM_Unit/ : Warning: CONV_INTEGER: There is an 'U'|'X'|'W'|'Z'|'-' in an arithmetic operand, and it has been converted to 0.
at 144700 ns(4), Instance /pictop_tb/UUT/RAM_Unit/ : Warning: CONV_INTEGER: There is an 'U'|'X'|'W'|'Z'|'-' in an arithmetic operand, and it has been converted to 0.
at 151 us(4), Instance /pictop_tb/UUT/RAM_Unit/ : Warning: CONV_INTEGER: There is an 'U'|'X'|'W'|'Z'|'-' in an arithmetic operand, and it has been converted to 0.
at 157300 ns(4), Instance /pictop_tb/UUT/RAM_Unit/ : Warning: CONV_INTEGER: There is an 'U'|'X'|'W'|'Z'|'-' in an arithmetic operand, and it has been converted to 0.
at 163600 ns(4), Instance /pictop_tb/UUT/RAM_Unit/ : Warning: CONV_INTEGER: There is an 'U'|'X'|'W'|'Z'|'-' in an arithmetic operand, and it has been converted to 0.
at 169900 ns(4), Instance /pictop_tb/UUT/RAM_Unit/ : Warning: CONV_INTEGER: There is an 'U'|'X'|'W'|'Z'|'-' in an arithmetic operand, and it has been converted to 0.
at 176200 ns(4), Instance /pictop_tb/UUT/RAM_Unit/ : Warning: CONV_INTEGER: There is an 'U'|'X'|'W'|'Z'|'-' in an arithmetic operand, and it has been converted to 0.
at 182500 ns(4), Instance /pictop_tb/UUT/RAM_Unit/ : Warning: CONV_INTEGER: There is an 'U'|'X'|'W'|'Z'|'-' in an arithmetic operand, and it has been converted to 0.
at 188800 ns(4), Instance /pictop_tb/UUT/RAM_Unit/ : Warning: CONV_INTEGER: There is an 'U'|'X'|'W'|'Z'|'-' in an arithmetic operand, and it has been converted to 0.
at 195100 ns(4), Instance /pictop_tb/UUT/RAM_Unit/ : Warning: CONV_INTEGER: There is an 'U'|'X'|'W'|'Z'|'-' in an arithmetic operand, and it has been converted to 0.
at 201400 ns(4), Instance /pictop_tb/UUT/RAM_Unit/ : Warning: CONV_INTEGER: There is an 'U'|'X'|'W'|'Z'|'-' in an arithmetic operand, and it has been converted to 0.
at 207700 ns(4), Instance /pictop_tb/UUT/RAM_Unit/ : Warning: CONV_INTEGER: There is an 'U'|'X'|'W'|'Z'|'-' in an arithmetic operand, and it has been converted to 0.
at 214 us(4), Instance /pictop_tb/UUT/RAM_Unit/ : Warning: CONV_INTEGER: There is an 'U'|'X'|'W'|'Z'|'-' in an arithmetic operand, and it has been converted to 0.
at 220300 ns(4), Instance /pictop_tb/UUT/RAM_Unit/ : Warning: CONV_INTEGER: There is an 'U'|'X'|'W'|'Z'|'-' in an arithmetic operand, and it has been converted to 0.
at 226600 ns(4), Instance /pictop_tb/UUT/RAM_Unit/ : Warning: CONV_INTEGER: There is an 'U'|'X'|'W'|'Z'|'-' in an arithmetic operand, and it has been converted to 0.
at 232900 ns(4), Instance /pictop_tb/UUT/RAM_Unit/ : Warning: CONV_INTEGER: There is an 'U'|'X'|'W'|'Z'|'-' in an arithmetic operand, and it has been converted to 0.
at 239200 ns(4), Instance /pictop_tb/UUT/RAM_Unit/ : Warning: CONV_INTEGER: There is an 'U'|'X'|'W'|'Z'|'-' in an arithmetic operand, and it has been converted to 0.
at 245500 ns(4), Instance /pictop_tb/UUT/RAM_Unit/ : Warning: CONV_INTEGER: There is an 'U'|'X'|'W'|'Z'|'-' in an arithmetic operand, and it has been converted to 0.
at 251800 ns(4), Instance /pictop_tb/UUT/RAM_Unit/ : Warning: CONV_INTEGER: There is an 'U'|'X'|'W'|'Z'|'-' in an arithmetic operand, and it has been converted to 0.
at 258100 ns(4), Instance /pictop_tb/UUT/RAM_Unit/ : Warning: CONV_INTEGER: There is an 'U'|'X'|'W'|'Z'|'-' in an arithmetic operand, and it has been converted to 0.
at 264400 ns(4), Instance /pictop_tb/UUT/RAM_Unit/ : Warning: CONV_INTEGER: There is an 'U'|'X'|'W'|'Z'|'-' in an arithmetic operand, and it has been converted to 0.
at 270700 ns(4), Instance /pictop_tb/UUT/RAM_Unit/ : Warning: CONV_INTEGER: There is an 'U'|'X'|'W'|'Z'|'-' in an arithmetic operand, and it has been converted to 0.
at 277 us(4), Instance /pictop_tb/UUT/RAM_Unit/ : Warning: CONV_INTEGER: There is an 'U'|'X'|'W'|'Z'|'-' in an arithmetic operand, and it has been converted to 0.
at 283300 ns(4), Instance /pictop_tb/UUT/RAM_Unit/ : Warning: CONV_INTEGER: There is an 'U'|'X'|'W'|'Z'|'-' in an arithmetic operand, and it has been converted to 0.
at 289600 ns(4), Instance /pictop_tb/UUT/RAM_Unit/ : Warning: CONV_INTEGER: There is an 'U'|'X'|'W'|'Z'|'-' in an arithmetic operand, and it has been converted to 0.
at 295900 ns(4), Instance /pictop_tb/UUT/RAM_Unit/ : Warning: CONV_INTEGER: There is an 'U'|'X'|'W'|'Z'|'-' in an arithmetic operand, and it has been converted to 0.
at 302200 ns(4), Instance /pictop_tb/UUT/RAM_Unit/ : Warning: CONV_INTEGER: There is an 'U'|'X'|'W'|'Z'|'-' in an arithmetic operand, and it has been converted to 0.
at 308500 ns(4), Instance /pictop_tb/UUT/RAM_Unit/ : Warning: CONV_INTEGER: There is an 'U'|'X'|'W'|'Z'|'-' in an arithmetic operand, and it has been converted to 0.
at 314800 ns(4), Instance /pictop_tb/UUT/RAM_Unit/ : Warning: CONV_INTEGER: There is an 'U'|'X'|'W'|'Z'|'-' in an arithmetic operand, and it has been converted to 0.
at 321100 ns(4), Instance /pictop_tb/UUT/RAM_Unit/ : Warning: CONV_INTEGER: There is an 'U'|'X'|'W'|'Z'|'-' in an arithmetic operand, and it has been converted to 0.
at 327400 ns(4), Instance /pictop_tb/UUT/RAM_Unit/ : Warning: CONV_INTEGER: There is an 'U'|'X'|'W'|'Z'|'-' in an arithmetic operand, and it has been converted to 0.
at 333700 ns(4), Instance /pictop_tb/UUT/RAM_Unit/ : Warning: CONV_INTEGER: There is an 'U'|'X'|'W'|'Z'|'-' in an arithmetic operand, and it has been converted to 0.
at 340 us(4), Instance /pictop_tb/UUT/RAM_Unit/ : Warning: CONV_INTEGER: There is an 'U'|'X'|'W'|'Z'|'-' in an arithmetic operand, and it has been converted to 0.
at 346300 ns(4), Instance /pictop_tb/UUT/RAM_Unit/ : Warning: CONV_INTEGER: There is an 'U'|'X'|'W'|'Z'|'-' in an arithmetic operand, and it has been converted to 0.
at 352600 ns(4), Instance /pictop_tb/UUT/RAM_Unit/ : Warning: CONV_INTEGER: There is an 'U'|'X'|'W'|'Z'|'-' in an arithmetic operand, and it has been converted to 0.
at 358900 ns(4), Instance /pictop_tb/UUT/RAM_Unit/ : Warning: CONV_INTEGER: There is an 'U'|'X'|'W'|'Z'|'-' in an arithmetic operand, and it has been converted to 0.
at 365200 ns(4), Instance /pictop_tb/UUT/RAM_Unit/ : Warning: CONV_INTEGER: There is an 'U'|'X'|'W'|'Z'|'-' in an arithmetic operand, and it has been converted to 0.
at 371500 ns(4), Instance /pictop_tb/UUT/RAM_Unit/ : Warning: CONV_INTEGER: There is an 'U'|'X'|'W'|'Z'|'-' in an arithmetic operand, and it has been converted to 0.
at 378050 ns(4), Instance /pictop_tb/UUT/RAM_Unit/ : Warning: CONV_INTEGER: There is an 'U'|'X'|'W'|'Z'|'-' in an arithmetic operand, and it has been converted to 0.
at 384350 ns(4), Instance /pictop_tb/UUT/RAM_Unit/ : Warning: CONV_INTEGER: There is an 'U'|'X'|'W'|'Z'|'-' in an arithmetic operand, and it has been converted to 0.
at 390650 ns(4), Instance /pictop_tb/UUT/RAM_Unit/ : Warning: CONV_INTEGER: There is an 'U'|'X'|'W'|'Z'|'-' in an arithmetic operand, and it has been converted to 0.
at 396950 ns(4), Instance /pictop_tb/UUT/RAM_Unit/ : Warning: CONV_INTEGER: There is an 'U'|'X'|'W'|'Z'|'-' in an arithmetic operand, and it has been converted to 0.
at 403250 ns(4), Instance /pictop_tb/UUT/RAM_Unit/ : Warning: CONV_INTEGER: There is an 'U'|'X'|'W'|'Z'|'-' in an arithmetic operand, and it has been converted to 0.
at 409550 ns(4), Instance /pictop_tb/UUT/RAM_Unit/ : Warning: CONV_INTEGER: There is an 'U'|'X'|'W'|'Z'|'-' in an arithmetic operand, and it has been converted to 0.
at 415850 ns(4), Instance /pictop_tb/UUT/RAM_Unit/ : Warning: CONV_INTEGER: There is an 'U'|'X'|'W'|'Z'|'-' in an arithmetic operand, and it has been converted to 0.
at 422150 ns(4), Instance /pictop_tb/UUT/RAM_Unit/ : Warning: CONV_INTEGER: There is an 'U'|'X'|'W'|'Z'|'-' in an arithmetic operand, and it has been converted to 0.
at 428450 ns(4), Instance /pictop_tb/UUT/RAM_Unit/ : Warning: CONV_INTEGER: There is an 'U'|'X'|'W'|'Z'|'-' in an arithmetic operand, and it has been converted to 0.
at 434750 ns(4), Instance /pictop_tb/UUT/RAM_Unit/ : Warning: CONV_INTEGER: There is an 'U'|'X'|'W'|'Z'|'-' in an arithmetic operand, and it has been converted to 0.
at 441050 ns(4), Instance /pictop_tb/UUT/RAM_Unit/ : Warning: CONV_INTEGER: There is an 'U'|'X'|'W'|'Z'|'-' in an arithmetic operand, and it has been converted to 0.
at 447350 ns(4), Instance /pictop_tb/UUT/RAM_Unit/ : Warning: CONV_INTEGER: There is an 'U'|'X'|'W'|'Z'|'-' in an arithmetic operand, and it has been converted to 0.
at 453650 ns(4), Instance /pictop_tb/UUT/RAM_Unit/ : Warning: CONV_INTEGER: There is an 'U'|'X'|'W'|'Z'|'-' in an arithmetic operand, and it has been converted to 0.
at 459950 ns(4), Instance /pictop_tb/UUT/RAM_Unit/ : Warning: CONV_INTEGER: There is an 'U'|'X'|'W'|'Z'|'-' in an arithmetic operand, and it has been converted to 0.
at 466250 ns(4), Instance /pictop_tb/UUT/RAM_Unit/ : Warning: CONV_INTEGER: There is an 'U'|'X'|'W'|'Z'|'-' in an arithmetic operand, and it has been converted to 0.
at 472550 ns(4), Instance /pictop_tb/UUT/RAM_Unit/ : Warning: CONV_INTEGER: There is an 'U'|'X'|'W'|'Z'|'-' in an arithmetic operand, and it has been converted to 0.
at 478850 ns(4), Instance /pictop_tb/UUT/RAM_Unit/ : Warning: CONV_INTEGER: There is an 'U'|'X'|'W'|'Z'|'-' in an arithmetic operand, and it has been converted to 0.
at 485150 ns(4), Instance /pictop_tb/UUT/RAM_Unit/ : Warning: CONV_INTEGER: There is an 'U'|'X'|'W'|'Z'|'-' in an arithmetic operand, and it has been converted to 0.
at 491450 ns(4), Instance /pictop_tb/UUT/RAM_Unit/ : Warning: CONV_INTEGER: There is an 'U'|'X'|'W'|'Z'|'-' in an arithmetic operand, and it has been converted to 0.
at 497750 ns(4), Instance /pictop_tb/UUT/RAM_Unit/ : Warning: CONV_INTEGER: There is an 'U'|'X'|'W'|'Z'|'-' in an arithmetic operand, and it has been converted to 0.
at 504050 ns(4), Instance /pictop_tb/UUT/RAM_Unit/ : Warning: CONV_INTEGER: There is an 'U'|'X'|'W'|'Z'|'-' in an arithmetic operand, and it has been converted to 0.
at 510350 ns(4), Instance /pictop_tb/UUT/RAM_Unit/ : Warning: CONV_INTEGER: There is an 'U'|'X'|'W'|'Z'|'-' in an arithmetic operand, and it has been converted to 0.
at 516650 ns(4), Instance /pictop_tb/UUT/RAM_Unit/ : Warning: CONV_INTEGER: There is an 'U'|'X'|'W'|'Z'|'-' in an arithmetic operand, and it has been converted to 0.
at 522950 ns(4), Instance /pictop_tb/UUT/RAM_Unit/ : Warning: CONV_INTEGER: There is an 'U'|'X'|'W'|'Z'|'-' in an arithmetic operand, and it has been converted to 0.
at 529250 ns(4), Instance /pictop_tb/UUT/RAM_Unit/ : Warning: CONV_INTEGER: There is an 'U'|'X'|'W'|'Z'|'-' in an arithmetic operand, and it has been converted to 0.
at 535550 ns(4), Instance /pictop_tb/UUT/RAM_Unit/ : Warning: CONV_INTEGER: There is an 'U'|'X'|'W'|'Z'|'-' in an arithmetic operand, and it has been converted to 0.
at 541850 ns(4), Instance /pictop_tb/UUT/RAM_Unit/ : Warning: CONV_INTEGER: There is an 'U'|'X'|'W'|'Z'|'-' in an arithmetic operand, and it has been converted to 0.
at 548150 ns(4), Instance /pictop_tb/UUT/RAM_Unit/ : Warning: CONV_INTEGER: There is an 'U'|'X'|'W'|'Z'|'-' in an arithmetic operand, and it has been converted to 0.
at 554450 ns(4), Instance /pictop_tb/UUT/RAM_Unit/ : Warning: CONV_INTEGER: There is an 'U'|'X'|'W'|'Z'|'-' in an arithmetic operand, and it has been converted to 0.
at 560750 ns(4), Instance /pictop_tb/UUT/RAM_Unit/ : Warning: CONV_INTEGER: There is an 'U'|'X'|'W'|'Z'|'-' in an arithmetic operand, and it has been converted to 0.
at 567050 ns(4), Instance /pictop_tb/UUT/RAM_Unit/ : Warning: CONV_INTEGER: There is an 'U'|'X'|'W'|'Z'|'-' in an arithmetic operand, and it has been converted to 0.
at 573350 ns(4), Instance /pictop_tb/UUT/RAM_Unit/ : Warning: CONV_INTEGER: There is an 'U'|'X'|'W'|'Z'|'-' in an arithmetic operand, and it has been converted to 0.
at 579650 ns(4), Instance /pictop_tb/UUT/RAM_Unit/ : Warning: CONV_INTEGER: There is an 'U'|'X'|'W'|'Z'|'-' in an arithmetic operand, and it has been converted to 0.
at 585950 ns(4), Instance /pictop_tb/UUT/RAM_Unit/ : Warning: CONV_INTEGER: There is an 'U'|'X'|'W'|'Z'|'-' in an arithmetic operand, and it has been converted to 0.
at 592250 ns(4), Instance /pictop_tb/UUT/RAM_Unit/ : Warning: CONV_INTEGER: There is an 'U'|'X'|'W'|'Z'|'-' in an arithmetic operand, and it has been converted to 0.
at 598550 ns(4), Instance /pictop_tb/UUT/RAM_Unit/ : Warning: CONV_INTEGER: There is an 'U'|'X'|'W'|'Z'|'-' in an arithmetic operand, and it has been converted to 0.
at 604850 ns(4), Instance /pictop_tb/UUT/RAM_Unit/ : Warning: CONV_INTEGER: There is an 'U'|'X'|'W'|'Z'|'-' in an arithmetic operand, and it has been converted to 0.
at 611150 ns(4), Instance /pictop_tb/UUT/RAM_Unit/ : Warning: CONV_INTEGER: There is an 'U'|'X'|'W'|'Z'|'-' in an arithmetic operand, and it has been converted to 0.
at 617450 ns(4), Instance /pictop_tb/UUT/RAM_Unit/ : Warning: CONV_INTEGER: There is an 'U'|'X'|'W'|'Z'|'-' in an arithmetic operand, and it has been converted to 0.
at 623750 ns(4), Instance /pictop_tb/UUT/RAM_Unit/ : Warning: CONV_INTEGER: There is an 'U'|'X'|'W'|'Z'|'-' in an arithmetic operand, and it has been converted to 0.
at 630050 ns(4), Instance /pictop_tb/UUT/RAM_Unit/ : Warning: CONV_INTEGER: There is an 'U'|'X'|'W'|'Z'|'-' in an arithmetic operand, and it has been converted to 0.
at 636350 ns(4), Instance /pictop_tb/UUT/RAM_Unit/ : Warning: CONV_INTEGER: There is an 'U'|'X'|'W'|'Z'|'-' in an arithmetic operand, and it has been converted to 0.
at 642650 ns(4), Instance /pictop_tb/UUT/RAM_Unit/ : Warning: CONV_INTEGER: There is an 'U'|'X'|'W'|'Z'|'-' in an arithmetic operand, and it has been converted to 0.
at 648950 ns(4), Instance /pictop_tb/UUT/RAM_Unit/ : Warning: CONV_INTEGER: There is an 'U'|'X'|'W'|'Z'|'-' in an arithmetic operand, and it has been converted to 0.
at 655250 ns(4), Instance /pictop_tb/UUT/RAM_Unit/ : Warning: CONV_INTEGER: There is an 'U'|'X'|'W'|'Z'|'-' in an arithmetic operand, and it has been converted to 0.
at 661550 ns(4), Instance /pictop_tb/UUT/RAM_Unit/ : Warning: CONV_INTEGER: There is an 'U'|'X'|'W'|'Z'|'-' in an arithmetic operand, and it has been converted to 0.
at 667850 ns(4), Instance /pictop_tb/UUT/RAM_Unit/ : Warning: CONV_INTEGER: There is an 'U'|'X'|'W'|'Z'|'-' in an arithmetic operand, and it has been converted to 0.
at 674150 ns(4), Instance /pictop_tb/UUT/RAM_Unit/ : Warning: CONV_INTEGER: There is an 'U'|'X'|'W'|'Z'|'-' in an arithmetic operand, and it has been converted to 0.
at 680450 ns(4), Instance /pictop_tb/UUT/RAM_Unit/ : Warning: CONV_INTEGER: There is an 'U'|'X'|'W'|'Z'|'-' in an arithmetic operand, and it has been converted to 0.
at 686750 ns(4), Instance /pictop_tb/UUT/RAM_Unit/ : Warning: CONV_INTEGER: There is an 'U'|'X'|'W'|'Z'|'-' in an arithmetic operand, and it has been converted to 0.
at 693050 ns(4), Instance /pictop_tb/UUT/RAM_Unit/ : Warning: CONV_INTEGER: There is an 'U'|'X'|'W'|'Z'|'-' in an arithmetic operand, and it has been converted to 0.
at 699350 ns(4), Instance /pictop_tb/UUT/RAM_Unit/ : Warning: CONV_INTEGER: There is an 'U'|'X'|'W'|'Z'|'-' in an arithmetic operand, and it has been converted to 0.
at 705650 ns(4), Instance /pictop_tb/UUT/RAM_Unit/ : Warning: CONV_INTEGER: There is an 'U'|'X'|'W'|'Z'|'-' in an arithmetic operand, and it has been converted to 0.
at 711950 ns(4), Instance /pictop_tb/UUT/RAM_Unit/ : Warning: CONV_INTEGER: There is an 'U'|'X'|'W'|'Z'|'-' in an arithmetic operand, and it has been converted to 0.
at 718250 ns(4), Instance /pictop_tb/UUT/RAM_Unit/ : Warning: CONV_INTEGER: There is an 'U'|'X'|'W'|'Z'|'-' in an arithmetic operand, and it has been converted to 0.
at 724550 ns(4), Instance /pictop_tb/UUT/RAM_Unit/ : Warning: CONV_INTEGER: There is an 'U'|'X'|'W'|'Z'|'-' in an arithmetic operand, and it has been converted to 0.
at 730850 ns(4), Instance /pictop_tb/UUT/RAM_Unit/ : Warning: CONV_INTEGER: There is an 'U'|'X'|'W'|'Z'|'-' in an arithmetic operand, and it has been converted to 0.
at 737150 ns(4), Instance /pictop_tb/UUT/RAM_Unit/ : Warning: CONV_INTEGER: There is an 'U'|'X'|'W'|'Z'|'-' in an arithmetic operand, and it has been converted to 0.
at 743450 ns(4), Instance /pictop_tb/UUT/RAM_Unit/ : Warning: CONV_INTEGER: There is an 'U'|'X'|'W'|'Z'|'-' in an arithmetic operand, and it has been converted to 0.
at 749750 ns(4), Instance /pictop_tb/UUT/RAM_Unit/ : Warning: CONV_INTEGER: There is an 'U'|'X'|'W'|'Z'|'-' in an arithmetic operand, and it has been converted to 0.
at 756050 ns(4), Instance /pictop_tb/UUT/RAM_Unit/ : Warning: CONV_INTEGER: There is an 'U'|'X'|'W'|'Z'|'-' in an arithmetic operand, and it has been converted to 0.
at 762350 ns(4), Instance /pictop_tb/UUT/RAM_Unit/ : Warning: CONV_INTEGER: There is an 'U'|'X'|'W'|'Z'|'-' in an arithmetic operand, and it has been converted to 0.
at 768650 ns(4), Instance /pictop_tb/UUT/RAM_Unit/ : Warning: CONV_INTEGER: There is an 'U'|'X'|'W'|'Z'|'-' in an arithmetic operand, and it has been converted to 0.
at 774950 ns(4), Instance /pictop_tb/UUT/RAM_Unit/ : Warning: CONV_INTEGER: There is an 'U'|'X'|'W'|'Z'|'-' in an arithmetic operand, and it has been converted to 0.
at 781250 ns(4), Instance /pictop_tb/UUT/RAM_Unit/ : Warning: CONV_INTEGER: There is an 'U'|'X'|'W'|'Z'|'-' in an arithmetic operand, and it has been converted to 0.
at 787550 ns(4), Instance /pictop_tb/UUT/RAM_Unit/ : Warning: CONV_INTEGER: There is an 'U'|'X'|'W'|'Z'|'-' in an arithmetic operand, and it has been converted to 0.
at 793850 ns(4), Instance /pictop_tb/UUT/RAM_Unit/ : Warning: CONV_INTEGER: There is an 'U'|'X'|'W'|'Z'|'-' in an arithmetic operand, and it has been converted to 0.
at 800150 ns(4), Instance /pictop_tb/UUT/RAM_Unit/ : Warning: CONV_INTEGER: There is an 'U'|'X'|'W'|'Z'|'-' in an arithmetic operand, and it has been converted to 0.
at 806450 ns(4), Instance /pictop_tb/UUT/RAM_Unit/ : Warning: CONV_INTEGER: There is an 'U'|'X'|'W'|'Z'|'-' in an arithmetic operand, and it has been converted to 0.
at 812750 ns(4), Instance /pictop_tb/UUT/RAM_Unit/ : Warning: CONV_INTEGER: There is an 'U'|'X'|'W'|'Z'|'-' in an arithmetic operand, and it has been converted to 0.
at 819050 ns(4), Instance /pictop_tb/UUT/RAM_Unit/ : Warning: CONV_INTEGER: There is an 'U'|'X'|'W'|'Z'|'-' in an arithmetic operand, and it has been converted to 0.
at 825350 ns(4), Instance /pictop_tb/UUT/RAM_Unit/ : Warning: CONV_INTEGER: There is an 'U'|'X'|'W'|'Z'|'-' in an arithmetic operand, and it has been converted to 0.
at 831650 ns(4), Instance /pictop_tb/UUT/RAM_Unit/ : Warning: CONV_INTEGER: There is an 'U'|'X'|'W'|'Z'|'-' in an arithmetic operand, and it has been converted to 0.
at 837950 ns(4), Instance /pictop_tb/UUT/RAM_Unit/ : Warning: CONV_INTEGER: There is an 'U'|'X'|'W'|'Z'|'-' in an arithmetic operand, and it has been converted to 0.
at 844250 ns(4), Instance /pictop_tb/UUT/RAM_Unit/ : Warning: CONV_INTEGER: There is an 'U'|'X'|'W'|'Z'|'-' in an arithmetic operand, and it has been converted to 0.
at 850550 ns(4), Instance /pictop_tb/UUT/RAM_Unit/ : Warning: CONV_INTEGER: There is an 'U'|'X'|'W'|'Z'|'-' in an arithmetic operand, and it has been converted to 0.
at 856850 ns(4), Instance /pictop_tb/UUT/RAM_Unit/ : Warning: CONV_INTEGER: There is an 'U'|'X'|'W'|'Z'|'-' in an arithmetic operand, and it has been converted to 0.
at 863150 ns(4), Instance /pictop_tb/UUT/RAM_Unit/ : Warning: CONV_INTEGER: There is an 'U'|'X'|'W'|'Z'|'-' in an arithmetic operand, and it has been converted to 0.
at 869450 ns(4), Instance /pictop_tb/UUT/RAM_Unit/ : Warning: CONV_INTEGER: There is an 'U'|'X'|'W'|'Z'|'-' in an arithmetic operand, and it has been converted to 0.
at 875750 ns(4), Instance /pictop_tb/UUT/RAM_Unit/ : Warning: CONV_INTEGER: There is an 'U'|'X'|'W'|'Z'|'-' in an arithmetic operand, and it has been converted to 0.
at 882050 ns(4), Instance /pictop_tb/UUT/RAM_Unit/ : Warning: CONV_INTEGER: There is an 'U'|'X'|'W'|'Z'|'-' in an arithmetic operand, and it has been converted to 0.
at 888350 ns(4), Instance /pictop_tb/UUT/RAM_Unit/ : Warning: CONV_INTEGER: There is an 'U'|'X'|'W'|'Z'|'-' in an arithmetic operand, and it has been converted to 0.
at 894650 ns(4), Instance /pictop_tb/UUT/RAM_Unit/ : Warning: CONV_INTEGER: There is an 'U'|'X'|'W'|'Z'|'-' in an arithmetic operand, and it has been converted to 0.
at 900950 ns(4), Instance /pictop_tb/UUT/RAM_Unit/ : Warning: CONV_INTEGER: There is an 'U'|'X'|'W'|'Z'|'-' in an arithmetic operand, and it has been converted to 0.
at 907250 ns(4), Instance /pictop_tb/UUT/RAM_Unit/ : Warning: CONV_INTEGER: There is an 'U'|'X'|'W'|'Z'|'-' in an arithmetic operand, and it has been converted to 0.
at 913550 ns(4), Instance /pictop_tb/UUT/RAM_Unit/ : Warning: CONV_INTEGER: There is an 'U'|'X'|'W'|'Z'|'-' in an arithmetic operand, and it has been converted to 0.
at 919850 ns(4), Instance /pictop_tb/UUT/RAM_Unit/ : Warning: CONV_INTEGER: There is an 'U'|'X'|'W'|'Z'|'-' in an arithmetic operand, and it has been converted to 0.
at 926150 ns(4), Instance /pictop_tb/UUT/RAM_Unit/ : Warning: CONV_INTEGER: There is an 'U'|'X'|'W'|'Z'|'-' in an arithmetic operand, and it has been converted to 0.
at 932450 ns(4), Instance /pictop_tb/UUT/RAM_Unit/ : Warning: CONV_INTEGER: There is an 'U'|'X'|'W'|'Z'|'-' in an arithmetic operand, and it has been converted to 0.
at 938750 ns(4), Instance /pictop_tb/UUT/RAM_Unit/ : Warning: CONV_INTEGER: There is an 'U'|'X'|'W'|'Z'|'-' in an arithmetic operand, and it has been converted to 0.
at 945050 ns(4), Instance /pictop_tb/UUT/RAM_Unit/ : Warning: CONV_INTEGER: There is an 'U'|'X'|'W'|'Z'|'-' in an arithmetic operand, and it has been converted to 0.
at 951350 ns(4), Instance /pictop_tb/UUT/RAM_Unit/ : Warning: CONV_INTEGER: There is an 'U'|'X'|'W'|'Z'|'-' in an arithmetic operand, and it has been converted to 0.
at 957650 ns(4), Instance /pictop_tb/UUT/RAM_Unit/ : Warning: CONV_INTEGER: There is an 'U'|'X'|'W'|'Z'|'-' in an arithmetic operand, and it has been converted to 0.
at 963950 ns(4), Instance /pictop_tb/UUT/RAM_Unit/ : Warning: CONV_INTEGER: There is an 'U'|'X'|'W'|'Z'|'-' in an arithmetic operand, and it has been converted to 0.
at 970250 ns(4), Instance /pictop_tb/UUT/RAM_Unit/ : Warning: CONV_INTEGER: There is an 'U'|'X'|'W'|'Z'|'-' in an arithmetic operand, and it has been converted to 0.
at 976550 ns(4), Instance /pictop_tb/UUT/RAM_Unit/ : Warning: CONV_INTEGER: There is an 'U'|'X'|'W'|'Z'|'-' in an arithmetic operand, and it has been converted to 0.
at 982850 ns(4), Instance /pictop_tb/UUT/RAM_Unit/ : Warning: CONV_INTEGER: There is an 'U'|'X'|'W'|'Z'|'-' in an arithmetic operand, and it has been converted to 0.
at 989150 ns(4), Instance /pictop_tb/UUT/RAM_Unit/ : Warning: CONV_INTEGER: There is an 'U'|'X'|'W'|'Z'|'-' in an arithmetic operand, and it has been converted to 0.
at 995450 ns(4), Instance /pictop_tb/UUT/RAM_Unit/ : Warning: CONV_INTEGER: There is an 'U'|'X'|'W'|'Z'|'-' in an arithmetic operand, and it has been converted to 0.
# restart
# run 1000us
Simulator is doing circuit initialization process.
Finished circuit initialization process.
at 6100 ns(4), Instance /pictop_tb/UUT/RAM_Unit/ : Warning: CONV_INTEGER: There is an 'U'|'X'|'W'|'Z'|'-' in an arithmetic operand, and it has been converted to 0.
at 12400 ns(4), Instance /pictop_tb/UUT/RAM_Unit/ : Warning: CONV_INTEGER: There is an 'U'|'X'|'W'|'Z'|'-' in an arithmetic operand, and it has been converted to 0.
at 18700 ns(4), Instance /pictop_tb/UUT/RAM_Unit/ : Warning: CONV_INTEGER: There is an 'U'|'X'|'W'|'Z'|'-' in an arithmetic operand, and it has been converted to 0.
at 25 us(4), Instance /pictop_tb/UUT/RAM_Unit/ : Warning: CONV_INTEGER: There is an 'U'|'X'|'W'|'Z'|'-' in an arithmetic operand, and it has been converted to 0.
at 31300 ns(4), Instance /pictop_tb/UUT/RAM_Unit/ : Warning: CONV_INTEGER: There is an 'U'|'X'|'W'|'Z'|'-' in an arithmetic operand, and it has been converted to 0.
at 37600 ns(4), Instance /pictop_tb/UUT/RAM_Unit/ : Warning: CONV_INTEGER: There is an 'U'|'X'|'W'|'Z'|'-' in an arithmetic operand, and it has been converted to 0.
at 43900 ns(4), Instance /pictop_tb/UUT/RAM_Unit/ : Warning: CONV_INTEGER: There is an 'U'|'X'|'W'|'Z'|'-' in an arithmetic operand, and it has been converted to 0.
at 50200 ns(4), Instance /pictop_tb/UUT/RAM_Unit/ : Warning: CONV_INTEGER: There is an 'U'|'X'|'W'|'Z'|'-' in an arithmetic operand, and it has been converted to 0.
at 56500 ns(4), Instance /pictop_tb/UUT/RAM_Unit/ : Warning: CONV_INTEGER: There is an 'U'|'X'|'W'|'Z'|'-' in an arithmetic operand, and it has been converted to 0.
at 62800 ns(4), Instance /pictop_tb/UUT/RAM_Unit/ : Warning: CONV_INTEGER: There is an 'U'|'X'|'W'|'Z'|'-' in an arithmetic operand, and it has been converted to 0.
at 69100 ns(4), Instance /pictop_tb/UUT/RAM_Unit/ : Warning: CONV_INTEGER: There is an 'U'|'X'|'W'|'Z'|'-' in an arithmetic operand, and it has been converted to 0.
at 75400 ns(4), Instance /pictop_tb/UUT/RAM_Unit/ : Warning: CONV_INTEGER: There is an 'U'|'X'|'W'|'Z'|'-' in an arithmetic operand, and it has been converted to 0.
at 81700 ns(4), Instance /pictop_tb/UUT/RAM_Unit/ : Warning: CONV_INTEGER: There is an 'U'|'X'|'W'|'Z'|'-' in an arithmetic operand, and it has been converted to 0.
at 88 us(4), Instance /pictop_tb/UUT/RAM_Unit/ : Warning: CONV_INTEGER: There is an 'U'|'X'|'W'|'Z'|'-' in an arithmetic operand, and it has been converted to 0.
at 94300 ns(4), Instance /pictop_tb/UUT/RAM_Unit/ : Warning: CONV_INTEGER: There is an 'U'|'X'|'W'|'Z'|'-' in an arithmetic operand, and it has been converted to 0.
at 100600 ns(4), Instance /pictop_tb/UUT/RAM_Unit/ : Warning: CONV_INTEGER: There is an 'U'|'X'|'W'|'Z'|'-' in an arithmetic operand, and it has been converted to 0.
at 106900 ns(4), Instance /pictop_tb/UUT/RAM_Unit/ : Warning: CONV_INTEGER: There is an 'U'|'X'|'W'|'Z'|'-' in an arithmetic operand, and it has been converted to 0.
at 113200 ns(4), Instance /pictop_tb/UUT/RAM_Unit/ : Warning: CONV_INTEGER: There is an 'U'|'X'|'W'|'Z'|'-' in an arithmetic operand, and it has been converted to 0.
at 119500 ns(4), Instance /pictop_tb/UUT/RAM_Unit/ : Warning: CONV_INTEGER: There is an 'U'|'X'|'W'|'Z'|'-' in an arithmetic operand, and it has been converted to 0.
at 125800 ns(4), Instance /pictop_tb/UUT/RAM_Unit/ : Warning: CONV_INTEGER: There is an 'U'|'X'|'W'|'Z'|'-' in an arithmetic operand, and it has been converted to 0.
at 132100 ns(4), Instance /pictop_tb/UUT/RAM_Unit/ : Warning: CONV_INTEGER: There is an 'U'|'X'|'W'|'Z'|'-' in an arithmetic operand, and it has been converted to 0.
at 138400 ns(4), Instance /pictop_tb/UUT/RAM_Unit/ : Warning: CONV_INTEGER: There is an 'U'|'X'|'W'|'Z'|'-' in an arithmetic operand, and it has been converted to 0.
at 144700 ns(4), Instance /pictop_tb/UUT/RAM_Unit/ : Warning: CONV_INTEGER: There is an 'U'|'X'|'W'|'Z'|'-' in an arithmetic operand, and it has been converted to 0.
at 151 us(4), Instance /pictop_tb/UUT/RAM_Unit/ : Warning: CONV_INTEGER: There is an 'U'|'X'|'W'|'Z'|'-' in an arithmetic operand, and it has been converted to 0.
at 157300 ns(4), Instance /pictop_tb/UUT/RAM_Unit/ : Warning: CONV_INTEGER: There is an 'U'|'X'|'W'|'Z'|'-' in an arithmetic operand, and it has been converted to 0.
at 163600 ns(4), Instance /pictop_tb/UUT/RAM_Unit/ : Warning: CONV_INTEGER: There is an 'U'|'X'|'W'|'Z'|'-' in an arithmetic operand, and it has been converted to 0.
at 169900 ns(4), Instance /pictop_tb/UUT/RAM_Unit/ : Warning: CONV_INTEGER: There is an 'U'|'X'|'W'|'Z'|'-' in an arithmetic operand, and it has been converted to 0.
at 176200 ns(4), Instance /pictop_tb/UUT/RAM_Unit/ : Warning: CONV_INTEGER: There is an 'U'|'X'|'W'|'Z'|'-' in an arithmetic operand, and it has been converted to 0.
at 182500 ns(4), Instance /pictop_tb/UUT/RAM_Unit/ : Warning: CONV_INTEGER: There is an 'U'|'X'|'W'|'Z'|'-' in an arithmetic operand, and it has been converted to 0.
at 188800 ns(4), Instance /pictop_tb/UUT/RAM_Unit/ : Warning: CONV_INTEGER: There is an 'U'|'X'|'W'|'Z'|'-' in an arithmetic operand, and it has been converted to 0.
at 195100 ns(4), Instance /pictop_tb/UUT/RAM_Unit/ : Warning: CONV_INTEGER: There is an 'U'|'X'|'W'|'Z'|'-' in an arithmetic operand, and it has been converted to 0.
at 201400 ns(4), Instance /pictop_tb/UUT/RAM_Unit/ : Warning: CONV_INTEGER: There is an 'U'|'X'|'W'|'Z'|'-' in an arithmetic operand, and it has been converted to 0.
at 207700 ns(4), Instance /pictop_tb/UUT/RAM_Unit/ : Warning: CONV_INTEGER: There is an 'U'|'X'|'W'|'Z'|'-' in an arithmetic operand, and it has been converted to 0.
at 214 us(4), Instance /pictop_tb/UUT/RAM_Unit/ : Warning: CONV_INTEGER: There is an 'U'|'X'|'W'|'Z'|'-' in an arithmetic operand, and it has been converted to 0.
at 220300 ns(4), Instance /pictop_tb/UUT/RAM_Unit/ : Warning: CONV_INTEGER: There is an 'U'|'X'|'W'|'Z'|'-' in an arithmetic operand, and it has been converted to 0.
at 226600 ns(4), Instance /pictop_tb/UUT/RAM_Unit/ : Warning: CONV_INTEGER: There is an 'U'|'X'|'W'|'Z'|'-' in an arithmetic operand, and it has been converted to 0.
at 232900 ns(4), Instance /pictop_tb/UUT/RAM_Unit/ : Warning: CONV_INTEGER: There is an 'U'|'X'|'W'|'Z'|'-' in an arithmetic operand, and it has been converted to 0.
at 239200 ns(4), Instance /pictop_tb/UUT/RAM_Unit/ : Warning: CONV_INTEGER: There is an 'U'|'X'|'W'|'Z'|'-' in an arithmetic operand, and it has been converted to 0.
at 245500 ns(4), Instance /pictop_tb/UUT/RAM_Unit/ : Warning: CONV_INTEGER: There is an 'U'|'X'|'W'|'Z'|'-' in an arithmetic operand, and it has been converted to 0.
at 251800 ns(4), Instance /pictop_tb/UUT/RAM_Unit/ : Warning: CONV_INTEGER: There is an 'U'|'X'|'W'|'Z'|'-' in an arithmetic operand, and it has been converted to 0.
at 258100 ns(4), Instance /pictop_tb/UUT/RAM_Unit/ : Warning: CONV_INTEGER: There is an 'U'|'X'|'W'|'Z'|'-' in an arithmetic operand, and it has been converted to 0.
at 264400 ns(4), Instance /pictop_tb/UUT/RAM_Unit/ : Warning: CONV_INTEGER: There is an 'U'|'X'|'W'|'Z'|'-' in an arithmetic operand, and it has been converted to 0.
at 270700 ns(4), Instance /pictop_tb/UUT/RAM_Unit/ : Warning: CONV_INTEGER: There is an 'U'|'X'|'W'|'Z'|'-' in an arithmetic operand, and it has been converted to 0.
at 277 us(4), Instance /pictop_tb/UUT/RAM_Unit/ : Warning: CONV_INTEGER: There is an 'U'|'X'|'W'|'Z'|'-' in an arithmetic operand, and it has been converted to 0.
at 283300 ns(4), Instance /pictop_tb/UUT/RAM_Unit/ : Warning: CONV_INTEGER: There is an 'U'|'X'|'W'|'Z'|'-' in an arithmetic operand, and it has been converted to 0.
at 289600 ns(4), Instance /pictop_tb/UUT/RAM_Unit/ : Warning: CONV_INTEGER: There is an 'U'|'X'|'W'|'Z'|'-' in an arithmetic operand, and it has been converted to 0.
at 295900 ns(4), Instance /pictop_tb/UUT/RAM_Unit/ : Warning: CONV_INTEGER: There is an 'U'|'X'|'W'|'Z'|'-' in an arithmetic operand, and it has been converted to 0.
at 302200 ns(4), Instance /pictop_tb/UUT/RAM_Unit/ : Warning: CONV_INTEGER: There is an 'U'|'X'|'W'|'Z'|'-' in an arithmetic operand, and it has been converted to 0.
at 308500 ns(4), Instance /pictop_tb/UUT/RAM_Unit/ : Warning: CONV_INTEGER: There is an 'U'|'X'|'W'|'Z'|'-' in an arithmetic operand, and it has been converted to 0.
at 314800 ns(4), Instance /pictop_tb/UUT/RAM_Unit/ : Warning: CONV_INTEGER: There is an 'U'|'X'|'W'|'Z'|'-' in an arithmetic operand, and it has been converted to 0.
at 321100 ns(4), Instance /pictop_tb/UUT/RAM_Unit/ : Warning: CONV_INTEGER: There is an 'U'|'X'|'W'|'Z'|'-' in an arithmetic operand, and it has been converted to 0.
at 327400 ns(4), Instance /pictop_tb/UUT/RAM_Unit/ : Warning: CONV_INTEGER: There is an 'U'|'X'|'W'|'Z'|'-' in an arithmetic operand, and it has been converted to 0.
at 333700 ns(4), Instance /pictop_tb/UUT/RAM_Unit/ : Warning: CONV_INTEGER: There is an 'U'|'X'|'W'|'Z'|'-' in an arithmetic operand, and it has been converted to 0.
at 340 us(4), Instance /pictop_tb/UUT/RAM_Unit/ : Warning: CONV_INTEGER: There is an 'U'|'X'|'W'|'Z'|'-' in an arithmetic operand, and it has been converted to 0.
at 346300 ns(4), Instance /pictop_tb/UUT/RAM_Unit/ : Warning: CONV_INTEGER: There is an 'U'|'X'|'W'|'Z'|'-' in an arithmetic operand, and it has been converted to 0.
at 352600 ns(4), Instance /pictop_tb/UUT/RAM_Unit/ : Warning: CONV_INTEGER: There is an 'U'|'X'|'W'|'Z'|'-' in an arithmetic operand, and it has been converted to 0.
at 358900 ns(4), Instance /pictop_tb/UUT/RAM_Unit/ : Warning: CONV_INTEGER: There is an 'U'|'X'|'W'|'Z'|'-' in an arithmetic operand, and it has been converted to 0.
at 365200 ns(4), Instance /pictop_tb/UUT/RAM_Unit/ : Warning: CONV_INTEGER: There is an 'U'|'X'|'W'|'Z'|'-' in an arithmetic operand, and it has been converted to 0.
at 371500 ns(4), Instance /pictop_tb/UUT/RAM_Unit/ : Warning: CONV_INTEGER: There is an 'U'|'X'|'W'|'Z'|'-' in an arithmetic operand, and it has been converted to 0.
at 378050 ns(4), Instance /pictop_tb/UUT/RAM_Unit/ : Warning: CONV_INTEGER: There is an 'U'|'X'|'W'|'Z'|'-' in an arithmetic operand, and it has been converted to 0.
at 384350 ns(4), Instance /pictop_tb/UUT/RAM_Unit/ : Warning: CONV_INTEGER: There is an 'U'|'X'|'W'|'Z'|'-' in an arithmetic operand, and it has been converted to 0.
at 390650 ns(4), Instance /pictop_tb/UUT/RAM_Unit/ : Warning: CONV_INTEGER: There is an 'U'|'X'|'W'|'Z'|'-' in an arithmetic operand, and it has been converted to 0.
at 396950 ns(4), Instance /pictop_tb/UUT/RAM_Unit/ : Warning: CONV_INTEGER: There is an 'U'|'X'|'W'|'Z'|'-' in an arithmetic operand, and it has been converted to 0.
at 403250 ns(4), Instance /pictop_tb/UUT/RAM_Unit/ : Warning: CONV_INTEGER: There is an 'U'|'X'|'W'|'Z'|'-' in an arithmetic operand, and it has been converted to 0.
at 409550 ns(4), Instance /pictop_tb/UUT/RAM_Unit/ : Warning: CONV_INTEGER: There is an 'U'|'X'|'W'|'Z'|'-' in an arithmetic operand, and it has been converted to 0.
at 415850 ns(4), Instance /pictop_tb/UUT/RAM_Unit/ : Warning: CONV_INTEGER: There is an 'U'|'X'|'W'|'Z'|'-' in an arithmetic operand, and it has been converted to 0.
at 422150 ns(4), Instance /pictop_tb/UUT/RAM_Unit/ : Warning: CONV_INTEGER: There is an 'U'|'X'|'W'|'Z'|'-' in an arithmetic operand, and it has been converted to 0.
at 428450 ns(4), Instance /pictop_tb/UUT/RAM_Unit/ : Warning: CONV_INTEGER: There is an 'U'|'X'|'W'|'Z'|'-' in an arithmetic operand, and it has been converted to 0.
at 434750 ns(4), Instance /pictop_tb/UUT/RAM_Unit/ : Warning: CONV_INTEGER: There is an 'U'|'X'|'W'|'Z'|'-' in an arithmetic operand, and it has been converted to 0.
at 441050 ns(4), Instance /pictop_tb/UUT/RAM_Unit/ : Warning: CONV_INTEGER: There is an 'U'|'X'|'W'|'Z'|'-' in an arithmetic operand, and it has been converted to 0.
at 447350 ns(4), Instance /pictop_tb/UUT/RAM_Unit/ : Warning: CONV_INTEGER: There is an 'U'|'X'|'W'|'Z'|'-' in an arithmetic operand, and it has been converted to 0.
at 453650 ns(4), Instance /pictop_tb/UUT/RAM_Unit/ : Warning: CONV_INTEGER: There is an 'U'|'X'|'W'|'Z'|'-' in an arithmetic operand, and it has been converted to 0.
at 459950 ns(4), Instance /pictop_tb/UUT/RAM_Unit/ : Warning: CONV_INTEGER: There is an 'U'|'X'|'W'|'Z'|'-' in an arithmetic operand, and it has been converted to 0.
at 466250 ns(4), Instance /pictop_tb/UUT/RAM_Unit/ : Warning: CONV_INTEGER: There is an 'U'|'X'|'W'|'Z'|'-' in an arithmetic operand, and it has been converted to 0.
at 472550 ns(4), Instance /pictop_tb/UUT/RAM_Unit/ : Warning: CONV_INTEGER: There is an 'U'|'X'|'W'|'Z'|'-' in an arithmetic operand, and it has been converted to 0.
at 478850 ns(4), Instance /pictop_tb/UUT/RAM_Unit/ : Warning: CONV_INTEGER: There is an 'U'|'X'|'W'|'Z'|'-' in an arithmetic operand, and it has been converted to 0.
at 485150 ns(4), Instance /pictop_tb/UUT/RAM_Unit/ : Warning: CONV_INTEGER: There is an 'U'|'X'|'W'|'Z'|'-' in an arithmetic operand, and it has been converted to 0.
at 491450 ns(4), Instance /pictop_tb/UUT/RAM_Unit/ : Warning: CONV_INTEGER: There is an 'U'|'X'|'W'|'Z'|'-' in an arithmetic operand, and it has been converted to 0.
at 497750 ns(4), Instance /pictop_tb/UUT/RAM_Unit/ : Warning: CONV_INTEGER: There is an 'U'|'X'|'W'|'Z'|'-' in an arithmetic operand, and it has been converted to 0.
at 504050 ns(4), Instance /pictop_tb/UUT/RAM_Unit/ : Warning: CONV_INTEGER: There is an 'U'|'X'|'W'|'Z'|'-' in an arithmetic operand, and it has been converted to 0.
at 510350 ns(4), Instance /pictop_tb/UUT/RAM_Unit/ : Warning: CONV_INTEGER: There is an 'U'|'X'|'W'|'Z'|'-' in an arithmetic operand, and it has been converted to 0.
at 516650 ns(4), Instance /pictop_tb/UUT/RAM_Unit/ : Warning: CONV_INTEGER: There is an 'U'|'X'|'W'|'Z'|'-' in an arithmetic operand, and it has been converted to 0.
at 522950 ns(4), Instance /pictop_tb/UUT/RAM_Unit/ : Warning: CONV_INTEGER: There is an 'U'|'X'|'W'|'Z'|'-' in an arithmetic operand, and it has been converted to 0.
at 529250 ns(4), Instance /pictop_tb/UUT/RAM_Unit/ : Warning: CONV_INTEGER: There is an 'U'|'X'|'W'|'Z'|'-' in an arithmetic operand, and it has been converted to 0.
at 535550 ns(4), Instance /pictop_tb/UUT/RAM_Unit/ : Warning: CONV_INTEGER: There is an 'U'|'X'|'W'|'Z'|'-' in an arithmetic operand, and it has been converted to 0.
at 541850 ns(4), Instance /pictop_tb/UUT/RAM_Unit/ : Warning: CONV_INTEGER: There is an 'U'|'X'|'W'|'Z'|'-' in an arithmetic operand, and it has been converted to 0.
at 548150 ns(4), Instance /pictop_tb/UUT/RAM_Unit/ : Warning: CONV_INTEGER: There is an 'U'|'X'|'W'|'Z'|'-' in an arithmetic operand, and it has been converted to 0.
at 554450 ns(4), Instance /pictop_tb/UUT/RAM_Unit/ : Warning: CONV_INTEGER: There is an 'U'|'X'|'W'|'Z'|'-' in an arithmetic operand, and it has been converted to 0.
at 560750 ns(4), Instance /pictop_tb/UUT/RAM_Unit/ : Warning: CONV_INTEGER: There is an 'U'|'X'|'W'|'Z'|'-' in an arithmetic operand, and it has been converted to 0.
at 567050 ns(4), Instance /pictop_tb/UUT/RAM_Unit/ : Warning: CONV_INTEGER: There is an 'U'|'X'|'W'|'Z'|'-' in an arithmetic operand, and it has been converted to 0.
at 573350 ns(4), Instance /pictop_tb/UUT/RAM_Unit/ : Warning: CONV_INTEGER: There is an 'U'|'X'|'W'|'Z'|'-' in an arithmetic operand, and it has been converted to 0.
at 579650 ns(4), Instance /pictop_tb/UUT/RAM_Unit/ : Warning: CONV_INTEGER: There is an 'U'|'X'|'W'|'Z'|'-' in an arithmetic operand, and it has been converted to 0.
at 585950 ns(4), Instance /pictop_tb/UUT/RAM_Unit/ : Warning: CONV_INTEGER: There is an 'U'|'X'|'W'|'Z'|'-' in an arithmetic operand, and it has been converted to 0.
at 592250 ns(4), Instance /pictop_tb/UUT/RAM_Unit/ : Warning: CONV_INTEGER: There is an 'U'|'X'|'W'|'Z'|'-' in an arithmetic operand, and it has been converted to 0.
at 598550 ns(4), Instance /pictop_tb/UUT/RAM_Unit/ : Warning: CONV_INTEGER: There is an 'U'|'X'|'W'|'Z'|'-' in an arithmetic operand, and it has been converted to 0.
at 604850 ns(4), Instance /pictop_tb/UUT/RAM_Unit/ : Warning: CONV_INTEGER: There is an 'U'|'X'|'W'|'Z'|'-' in an arithmetic operand, and it has been converted to 0.
at 611150 ns(4), Instance /pictop_tb/UUT/RAM_Unit/ : Warning: CONV_INTEGER: There is an 'U'|'X'|'W'|'Z'|'-' in an arithmetic operand, and it has been converted to 0.
at 617450 ns(4), Instance /pictop_tb/UUT/RAM_Unit/ : Warning: CONV_INTEGER: There is an 'U'|'X'|'W'|'Z'|'-' in an arithmetic operand, and it has been converted to 0.
at 623750 ns(4), Instance /pictop_tb/UUT/RAM_Unit/ : Warning: CONV_INTEGER: There is an 'U'|'X'|'W'|'Z'|'-' in an arithmetic operand, and it has been converted to 0.
at 630050 ns(4), Instance /pictop_tb/UUT/RAM_Unit/ : Warning: CONV_INTEGER: There is an 'U'|'X'|'W'|'Z'|'-' in an arithmetic operand, and it has been converted to 0.
at 636350 ns(4), Instance /pictop_tb/UUT/RAM_Unit/ : Warning: CONV_INTEGER: There is an 'U'|'X'|'W'|'Z'|'-' in an arithmetic operand, and it has been converted to 0.
at 642650 ns(4), Instance /pictop_tb/UUT/RAM_Unit/ : Warning: CONV_INTEGER: There is an 'U'|'X'|'W'|'Z'|'-' in an arithmetic operand, and it has been converted to 0.
at 648950 ns(4), Instance /pictop_tb/UUT/RAM_Unit/ : Warning: CONV_INTEGER: There is an 'U'|'X'|'W'|'Z'|'-' in an arithmetic operand, and it has been converted to 0.
at 655250 ns(4), Instance /pictop_tb/UUT/RAM_Unit/ : Warning: CONV_INTEGER: There is an 'U'|'X'|'W'|'Z'|'-' in an arithmetic operand, and it has been converted to 0.
at 661550 ns(4), Instance /pictop_tb/UUT/RAM_Unit/ : Warning: CONV_INTEGER: There is an 'U'|'X'|'W'|'Z'|'-' in an arithmetic operand, and it has been converted to 0.
at 667850 ns(4), Instance /pictop_tb/UUT/RAM_Unit/ : Warning: CONV_INTEGER: There is an 'U'|'X'|'W'|'Z'|'-' in an arithmetic operand, and it has been converted to 0.
at 674150 ns(4), Instance /pictop_tb/UUT/RAM_Unit/ : Warning: CONV_INTEGER: There is an 'U'|'X'|'W'|'Z'|'-' in an arithmetic operand, and it has been converted to 0.
at 680450 ns(4), Instance /pictop_tb/UUT/RAM_Unit/ : Warning: CONV_INTEGER: There is an 'U'|'X'|'W'|'Z'|'-' in an arithmetic operand, and it has been converted to 0.
at 686750 ns(4), Instance /pictop_tb/UUT/RAM_Unit/ : Warning: CONV_INTEGER: There is an 'U'|'X'|'W'|'Z'|'-' in an arithmetic operand, and it has been converted to 0.
at 693050 ns(4), Instance /pictop_tb/UUT/RAM_Unit/ : Warning: CONV_INTEGER: There is an 'U'|'X'|'W'|'Z'|'-' in an arithmetic operand, and it has been converted to 0.
at 699350 ns(4), Instance /pictop_tb/UUT/RAM_Unit/ : Warning: CONV_INTEGER: There is an 'U'|'X'|'W'|'Z'|'-' in an arithmetic operand, and it has been converted to 0.
at 705650 ns(4), Instance /pictop_tb/UUT/RAM_Unit/ : Warning: CONV_INTEGER: There is an 'U'|'X'|'W'|'Z'|'-' in an arithmetic operand, and it has been converted to 0.
at 711950 ns(4), Instance /pictop_tb/UUT/RAM_Unit/ : Warning: CONV_INTEGER: There is an 'U'|'X'|'W'|'Z'|'-' in an arithmetic operand, and it has been converted to 0.
at 718250 ns(4), Instance /pictop_tb/UUT/RAM_Unit/ : Warning: CONV_INTEGER: There is an 'U'|'X'|'W'|'Z'|'-' in an arithmetic operand, and it has been converted to 0.
at 724550 ns(4), Instance /pictop_tb/UUT/RAM_Unit/ : Warning: CONV_INTEGER: There is an 'U'|'X'|'W'|'Z'|'-' in an arithmetic operand, and it has been converted to 0.
at 730850 ns(4), Instance /pictop_tb/UUT/RAM_Unit/ : Warning: CONV_INTEGER: There is an 'U'|'X'|'W'|'Z'|'-' in an arithmetic operand, and it has been converted to 0.
at 737150 ns(4), Instance /pictop_tb/UUT/RAM_Unit/ : Warning: CONV_INTEGER: There is an 'U'|'X'|'W'|'Z'|'-' in an arithmetic operand, and it has been converted to 0.
at 743450 ns(4), Instance /pictop_tb/UUT/RAM_Unit/ : Warning: CONV_INTEGER: There is an 'U'|'X'|'W'|'Z'|'-' in an arithmetic operand, and it has been converted to 0.
at 749750 ns(4), Instance /pictop_tb/UUT/RAM_Unit/ : Warning: CONV_INTEGER: There is an 'U'|'X'|'W'|'Z'|'-' in an arithmetic operand, and it has been converted to 0.
at 756050 ns(4), Instance /pictop_tb/UUT/RAM_Unit/ : Warning: CONV_INTEGER: There is an 'U'|'X'|'W'|'Z'|'-' in an arithmetic operand, and it has been converted to 0.
at 762350 ns(4), Instance /pictop_tb/UUT/RAM_Unit/ : Warning: CONV_INTEGER: There is an 'U'|'X'|'W'|'Z'|'-' in an arithmetic operand, and it has been converted to 0.
at 768650 ns(4), Instance /pictop_tb/UUT/RAM_Unit/ : Warning: CONV_INTEGER: There is an 'U'|'X'|'W'|'Z'|'-' in an arithmetic operand, and it has been converted to 0.
at 774950 ns(4), Instance /pictop_tb/UUT/RAM_Unit/ : Warning: CONV_INTEGER: There is an 'U'|'X'|'W'|'Z'|'-' in an arithmetic operand, and it has been converted to 0.
at 781250 ns(4), Instance /pictop_tb/UUT/RAM_Unit/ : Warning: CONV_INTEGER: There is an 'U'|'X'|'W'|'Z'|'-' in an arithmetic operand, and it has been converted to 0.
at 787550 ns(4), Instance /pictop_tb/UUT/RAM_Unit/ : Warning: CONV_INTEGER: There is an 'U'|'X'|'W'|'Z'|'-' in an arithmetic operand, and it has been converted to 0.
at 793850 ns(4), Instance /pictop_tb/UUT/RAM_Unit/ : Warning: CONV_INTEGER: There is an 'U'|'X'|'W'|'Z'|'-' in an arithmetic operand, and it has been converted to 0.
at 800150 ns(4), Instance /pictop_tb/UUT/RAM_Unit/ : Warning: CONV_INTEGER: There is an 'U'|'X'|'W'|'Z'|'-' in an arithmetic operand, and it has been converted to 0.
at 806450 ns(4), Instance /pictop_tb/UUT/RAM_Unit/ : Warning: CONV_INTEGER: There is an 'U'|'X'|'W'|'Z'|'-' in an arithmetic operand, and it has been converted to 0.
at 812750 ns(4), Instance /pictop_tb/UUT/RAM_Unit/ : Warning: CONV_INTEGER: There is an 'U'|'X'|'W'|'Z'|'-' in an arithmetic operand, and it has been converted to 0.
at 819050 ns(4), Instance /pictop_tb/UUT/RAM_Unit/ : Warning: CONV_INTEGER: There is an 'U'|'X'|'W'|'Z'|'-' in an arithmetic operand, and it has been converted to 0.
at 825350 ns(4), Instance /pictop_tb/UUT/RAM_Unit/ : Warning: CONV_INTEGER: There is an 'U'|'X'|'W'|'Z'|'-' in an arithmetic operand, and it has been converted to 0.
at 831650 ns(4), Instance /pictop_tb/UUT/RAM_Unit/ : Warning: CONV_INTEGER: There is an 'U'|'X'|'W'|'Z'|'-' in an arithmetic operand, and it has been converted to 0.
at 837950 ns(4), Instance /pictop_tb/UUT/RAM_Unit/ : Warning: CONV_INTEGER: There is an 'U'|'X'|'W'|'Z'|'-' in an arithmetic operand, and it has been converted to 0.
at 844250 ns(4), Instance /pictop_tb/UUT/RAM_Unit/ : Warning: CONV_INTEGER: There is an 'U'|'X'|'W'|'Z'|'-' in an arithmetic operand, and it has been converted to 0.
at 850550 ns(4), Instance /pictop_tb/UUT/RAM_Unit/ : Warning: CONV_INTEGER: There is an 'U'|'X'|'W'|'Z'|'-' in an arithmetic operand, and it has been converted to 0.
at 856850 ns(4), Instance /pictop_tb/UUT/RAM_Unit/ : Warning: CONV_INTEGER: There is an 'U'|'X'|'W'|'Z'|'-' in an arithmetic operand, and it has been converted to 0.
at 863150 ns(4), Instance /pictop_tb/UUT/RAM_Unit/ : Warning: CONV_INTEGER: There is an 'U'|'X'|'W'|'Z'|'-' in an arithmetic operand, and it has been converted to 0.
at 869450 ns(4), Instance /pictop_tb/UUT/RAM_Unit/ : Warning: CONV_INTEGER: There is an 'U'|'X'|'W'|'Z'|'-' in an arithmetic operand, and it has been converted to 0.
at 875750 ns(4), Instance /pictop_tb/UUT/RAM_Unit/ : Warning: CONV_INTEGER: There is an 'U'|'X'|'W'|'Z'|'-' in an arithmetic operand, and it has been converted to 0.
at 882050 ns(4), Instance /pictop_tb/UUT/RAM_Unit/ : Warning: CONV_INTEGER: There is an 'U'|'X'|'W'|'Z'|'-' in an arithmetic operand, and it has been converted to 0.
at 888350 ns(4), Instance /pictop_tb/UUT/RAM_Unit/ : Warning: CONV_INTEGER: There is an 'U'|'X'|'W'|'Z'|'-' in an arithmetic operand, and it has been converted to 0.
at 894650 ns(4), Instance /pictop_tb/UUT/RAM_Unit/ : Warning: CONV_INTEGER: There is an 'U'|'X'|'W'|'Z'|'-' in an arithmetic operand, and it has been converted to 0.
at 900950 ns(4), Instance /pictop_tb/UUT/RAM_Unit/ : Warning: CONV_INTEGER: There is an 'U'|'X'|'W'|'Z'|'-' in an arithmetic operand, and it has been converted to 0.
at 907250 ns(4), Instance /pictop_tb/UUT/RAM_Unit/ : Warning: CONV_INTEGER: There is an 'U'|'X'|'W'|'Z'|'-' in an arithmetic operand, and it has been converted to 0.
at 913550 ns(4), Instance /pictop_tb/UUT/RAM_Unit/ : Warning: CONV_INTEGER: There is an 'U'|'X'|'W'|'Z'|'-' in an arithmetic operand, and it has been converted to 0.
at 919850 ns(4), Instance /pictop_tb/UUT/RAM_Unit/ : Warning: CONV_INTEGER: There is an 'U'|'X'|'W'|'Z'|'-' in an arithmetic operand, and it has been converted to 0.
at 926150 ns(4), Instance /pictop_tb/UUT/RAM_Unit/ : Warning: CONV_INTEGER: There is an 'U'|'X'|'W'|'Z'|'-' in an arithmetic operand, and it has been converted to 0.
at 932450 ns(4), Instance /pictop_tb/UUT/RAM_Unit/ : Warning: CONV_INTEGER: There is an 'U'|'X'|'W'|'Z'|'-' in an arithmetic operand, and it has been converted to 0.
at 938750 ns(4), Instance /pictop_tb/UUT/RAM_Unit/ : Warning: CONV_INTEGER: There is an 'U'|'X'|'W'|'Z'|'-' in an arithmetic operand, and it has been converted to 0.
at 945050 ns(4), Instance /pictop_tb/UUT/RAM_Unit/ : Warning: CONV_INTEGER: There is an 'U'|'X'|'W'|'Z'|'-' in an arithmetic operand, and it has been converted to 0.
at 951350 ns(4), Instance /pictop_tb/UUT/RAM_Unit/ : Warning: CONV_INTEGER: There is an 'U'|'X'|'W'|'Z'|'-' in an arithmetic operand, and it has been converted to 0.
at 957650 ns(4), Instance /pictop_tb/UUT/RAM_Unit/ : Warning: CONV_INTEGER: There is an 'U'|'X'|'W'|'Z'|'-' in an arithmetic operand, and it has been converted to 0.
at 963950 ns(4), Instance /pictop_tb/UUT/RAM_Unit/ : Warning: CONV_INTEGER: There is an 'U'|'X'|'W'|'Z'|'-' in an arithmetic operand, and it has been converted to 0.
at 970250 ns(4), Instance /pictop_tb/UUT/RAM_Unit/ : Warning: CONV_INTEGER: There is an 'U'|'X'|'W'|'Z'|'-' in an arithmetic operand, and it has been converted to 0.
at 976550 ns(4), Instance /pictop_tb/UUT/RAM_Unit/ : Warning: CONV_INTEGER: There is an 'U'|'X'|'W'|'Z'|'-' in an arithmetic operand, and it has been converted to 0.
at 982850 ns(4), Instance /pictop_tb/UUT/RAM_Unit/ : Warning: CONV_INTEGER: There is an 'U'|'X'|'W'|'Z'|'-' in an arithmetic operand, and it has been converted to 0.
at 989150 ns(4), Instance /pictop_tb/UUT/RAM_Unit/ : Warning: CONV_INTEGER: There is an 'U'|'X'|'W'|'Z'|'-' in an arithmetic operand, and it has been converted to 0.
at 995450 ns(4), Instance /pictop_tb/UUT/RAM_Unit/ : Warning: CONV_INTEGER: There is an 'U'|'X'|'W'|'Z'|'-' in an arithmetic operand, and it has been converted to 0.
