Command line:
   tb_ram_isim_beh.exe
     -simmode  gui
     -simrunnum  0
     -socket  63397

Sun Nov 27 20:23:26 2016


 Elaboration Time: 0.046875 sec

 Current Memory Usage: 374.075 Meg

 Total Signals          : 22
 Total Nets             : 2099
 Total Signal Drivers   : 14
 Total Blocks           : 6
 Total Primitive Blocks : 5
 Total Processes        : 7
 Total Traceable Variables  : 52
 Total Scalar Nets and Variables : 2686
Total Line Count : 85

 Total Simulation Time: 0.109375 sec

 Current Memory Usage: 845.935 Meg

Sun Nov 27 20:26:28 2016

